<?xml version="1.0" encoding="UTF-8"?>
<!-- Generated by org.testng.reporters.JUnitXMLReporter -->
<testsuite hostname="LTO83700" failures="2" tests="2" name="Test" time="6.54" errors="0" timestamp="25 Jun 2021 11:20:13 GMT">
  <testcase classname="test.ProdadptScenarios" name="youTubeScenarios" time="6.055">
    <failure type="junit.framework.AssertionFailedError">
      <![CDATA[junit.framework.AssertionFailedError
	at junit.framework.Assert.fail(Assert.java:47)
	at junit.framework.Assert.assertTrue(Assert.java:20)
	at junit.framework.Assert.assertTrue(Assert.java:27)
	at screen.Login.inValidLogin(Login.java:60)
	at test.ProdadptScenarios.youTubeScenarios(ProdadptScenarios.java:28)
... Removed 24 stack frames]]>
    </failure>
  </testcase> <!-- youTubeScenarios -->
  <testcase classname="test.ProdadptScenarios" name="youTubeScenarios" time="6.067">
    <failure type="java.lang.NullPointerException">
      <![CDATA[java.lang.NullPointerException
	at listenersclass.ReporterListener.onTestFailure(ReporterListener.java:37)
... Removed 21 stack frames]]>
    </failure>
  </testcase> <!-- youTubeScenarios -->
</testsuite> <!-- Test -->
